[1231/133121.886:INFO:cef_log.cpp(8)] [Browser process] Initialize() called

[1231/133121.886:INFO:cef_log.cpp(8)] [Browser process] DEPRECATED: 'release_dcheck_enabled' setting

[1231/133121.886:INFO:cef_log.cpp(8)] [Browser process] CefInitialize()

[1231/133121.886:INFO:cef_log.cpp(8)] [Browser process] App_OnBeforeCommandLineProcessing_BrowserProcess()

[1231/133121.886:INFO:cefpython_app.cpp(105)] [Browser process] Command line string for the browser process: python --browser-subprocess-path="C:\Users\Administrator\Downloads\Compressed\django2exe-dist\django2exe-dist\py-dist\python-2.7.10\lib\site-packages\cefpython3/subprocess" --no-sandbox --lang=en-US --log-file="C:\Users\Administrator\Downloads\Compressed\django2exe-dist\django2exe-dist\py-dist\debug.log" --log-severity=info --resources-dir-path="C:\Users\Administrator\Downloads\Compressed\django2exe-dist\django2exe-dist\py-dist\python-2.7.10\lib\site-packages\cefpython3" --locales-dir-path="C:\Users\Administrator\Downloads\Compressed\django2exe-dist\django2exe-dist\py-dist\python-2.7.10\lib\site-packages\cefpython3/locales" --remote-debugging-port=62788 --disable-gpu-shader-disk-cache run.py

[1231/133133.789:INFO:cef_log.cpp(8)] [Browser process] Initialize() called

[1231/133133.789:INFO:cef_log.cpp(8)] [Browser process] DEPRECATED: 'release_dcheck_enabled' setting

[1231/133133.789:INFO:cef_log.cpp(8)] [Browser process] CefInitialize()

[1231/133133.789:INFO:cef_log.cpp(8)] [Browser process] App_OnBeforeCommandLineProcessing_BrowserProcess()

[1231/133133.789:INFO:cefpython_app.cpp(105)] [Browser process] Command line string for the browser process: python --browser-subprocess-path="C:\Users\Administrator\Downloads\Compressed\django2exe-dist\django2exe-dist\py-dist\python-2.7.10\lib\site-packages\cefpython3/subprocess" --no-sandbox --lang=en-US --log-file="C:\Users\Administrator\Downloads\Compressed\django2exe-dist\django2exe-dist\py-dist\debug.log" --log-severity=info --resources-dir-path="C:\Users\Administrator\Downloads\Compressed\django2exe-dist\django2exe-dist\py-dist\python-2.7.10\lib\site-packages\cefpython3" --locales-dir-path="C:\Users\Administrator\Downloads\Compressed\django2exe-dist\django2exe-dist\py-dist\python-2.7.10\lib\site-packages\cefpython3/locales" --remote-debugging-port=54582 --disable-gpu-shader-disk-cache run.py

[1231/133201.687:INFO:cef_log.cpp(8)] [Browser process] Initialize() called

[1231/133201.687:INFO:cef_log.cpp(8)] [Browser process] DEPRECATED: 'release_dcheck_enabled' setting

[1231/133201.687:INFO:cef_log.cpp(8)] [Browser process] CefInitialize()

[1231/133201.687:INFO:cef_log.cpp(8)] [Browser process] App_OnBeforeCommandLineProcessing_BrowserProcess()

[1231/133201.687:INFO:cefpython_app.cpp(105)] [Browser process] Command line string for the browser process: python --browser-subprocess-path="C:\Users\Administrator\Downloads\Compressed\django2exe-dist\django2exe-dist\py-dist\python-2.7.10\lib\site-packages\cefpython3/subprocess" --no-sandbox --lang=en-US --log-file="C:\Users\Administrator\Downloads\Compressed\django2exe-dist\django2exe-dist\py-dist\debug.log" --log-severity=info --resources-dir-path="C:\Users\Administrator\Downloads\Compressed\django2exe-dist\django2exe-dist\py-dist\python-2.7.10\lib\site-packages\cefpython3" --locales-dir-path="C:\Users\Administrator\Downloads\Compressed\django2exe-dist\django2exe-dist\py-dist\python-2.7.10\lib\site-packages\cefpython3/locales" --remote-debugging-port=62629 --disable-gpu-shader-disk-cache run.py

[1231/133208.039:INFO:cef_log.cpp(8)] [Browser process] Initialize() called

[1231/133208.040:INFO:cef_log.cpp(8)] [Browser process] DEPRECATED: 'release_dcheck_enabled' setting

[1231/133208.040:INFO:cef_log.cpp(8)] [Browser process] CefInitialize()

[1231/133208.041:INFO:cef_log.cpp(8)] [Browser process] App_OnBeforeCommandLineProcessing_BrowserProcess()

[1231/133208.041:INFO:cefpython_app.cpp(105)] [Browser process] Command line string for the browser process: python --browser-subprocess-path="C:\Users\Administrator\Downloads\Compressed\django2exe-dist\django2exe-dist\py-dist\python-2.7.10\lib\site-packages\cefpython3/subprocess" --no-sandbox --lang=en-US --log-file="C:\Users\Administrator\Downloads\Compressed\django2exe-dist\django2exe-dist\py-dist\debug.log" --log-severity=info --resources-dir-path="C:\Users\Administrator\Downloads\Compressed\django2exe-dist\django2exe-dist\py-dist\python-2.7.10\lib\site-packages\cefpython3" --locales-dir-path="C:\Users\Administrator\Downloads\Compressed\django2exe-dist\django2exe-dist\py-dist\python-2.7.10\lib\site-packages\cefpython3/locales" --remote-debugging-port=53791 --disable-gpu-shader-disk-cache run.py

[1231/133214.568:INFO:cef_log.cpp(8)] [Browser process] Initialize() called

[1231/133214.569:INFO:cef_log.cpp(8)] [Browser process] DEPRECATED: 'release_dcheck_enabled' setting

[1231/133214.570:INFO:cef_log.cpp(8)] [Browser process] CefInitialize()

[1231/133214.570:INFO:cef_log.cpp(8)] [Browser process] App_OnBeforeCommandLineProcessing_BrowserProcess()

[1231/133214.570:INFO:cefpython_app.cpp(105)] [Browser process] Command line string for the browser process: python --browser-subprocess-path="C:\Users\Administrator\Downloads\Compressed\django2exe-dist\django2exe-dist\py-dist\python-2.7.10\lib\site-packages\cefpython3/subprocess" --no-sandbox --lang=en-US --log-file="C:\Users\Administrator\Downloads\Compressed\django2exe-dist\django2exe-dist\py-dist\debug.log" --log-severity=info --resources-dir-path="C:\Users\Administrator\Downloads\Compressed\django2exe-dist\django2exe-dist\py-dist\python-2.7.10\lib\site-packages\cefpython3" --locales-dir-path="C:\Users\Administrator\Downloads\Compressed\django2exe-dist\django2exe-dist\py-dist\python-2.7.10\lib\site-packages\cefpython3/locales" --remote-debugging-port=61693 --disable-gpu-shader-disk-cache run.py

[1231/133249.623:INFO:cef_log.cpp(8)] [Browser process] Initialize() called

[1231/133249.624:INFO:cef_log.cpp(8)] [Browser process] DEPRECATED: 'release_dcheck_enabled' setting

[1231/133249.624:INFO:cef_log.cpp(8)] [Browser process] CefInitialize()

[1231/133249.625:INFO:cef_log.cpp(8)] [Browser process] App_OnBeforeCommandLineProcessing_BrowserProcess()

[1231/133249.625:INFO:cefpython_app.cpp(105)] [Browser process] Command line string for the browser process: python --browser-subprocess-path="C:\Users\Administrator\Downloads\Compressed\django2exe-dist\django2exe-dist\py-dist\python-2.7.10\lib\site-packages\cefpython3/subprocess" --no-sandbox --lang=en-US --log-file="C:\Users\Administrator\Downloads\Compressed\django2exe-dist\django2exe-dist\py-dist\debug.log" --log-severity=info --resources-dir-path="C:\Users\Administrator\Downloads\Compressed\django2exe-dist\django2exe-dist\py-dist\python-2.7.10\lib\site-packages\cefpython3" --locales-dir-path="C:\Users\Administrator\Downloads\Compressed\django2exe-dist\django2exe-dist\py-dist\python-2.7.10\lib\site-packages\cefpython3/locales" --remote-debugging-port=59204 --disable-gpu-shader-disk-cache run.py

[1231/133624.642:INFO:cef_log.cpp(8)] [Browser process] Initialize() called

[1231/133624.643:INFO:cef_log.cpp(8)] [Browser process] DEPRECATED: 'release_dcheck_enabled' setting

[1231/133624.643:INFO:cef_log.cpp(8)] [Browser process] CefInitialize()

[1231/133624.644:INFO:cef_log.cpp(8)] [Browser process] App_OnBeforeCommandLineProcessing_BrowserProcess()

[1231/133624.644:INFO:cefpython_app.cpp(105)] [Browser process] Command line string for the browser process: python --browser-subprocess-path="C:\Users\Administrator\Downloads\Compressed\django2exe-dist\django2exe-dist\py-dist\python-2.7.10\lib\site-packages\cefpython3/subprocess" --no-sandbox --lang=en-US --log-file="C:\Users\Administrator\Downloads\Compressed\django2exe-dist\django2exe-dist\py-dist\debug.log" --log-severity=info --resources-dir-path="C:\Users\Administrator\Downloads\Compressed\django2exe-dist\django2exe-dist\py-dist\python-2.7.10\lib\site-packages\cefpython3" --locales-dir-path="C:\Users\Administrator\Downloads\Compressed\django2exe-dist\django2exe-dist\py-dist\python-2.7.10\lib\site-packages\cefpython3/locales" --remote-debugging-port=60190 --disable-gpu-shader-disk-cache run.py

[1231/133659.429:INFO:cef_log.cpp(8)] [Browser process] Initialize() called

[1231/133659.430:INFO:cef_log.cpp(8)] [Browser process] DEPRECATED: 'release_dcheck_enabled' setting

[1231/133659.430:INFO:cef_log.cpp(8)] [Browser process] CefInitialize()

[1231/133659.431:INFO:cef_log.cpp(8)] [Browser process] App_OnBeforeCommandLineProcessing_BrowserProcess()

[1231/133659.431:INFO:cefpython_app.cpp(105)] [Browser process] Command line string for the browser process: python --browser-subprocess-path="C:\Users\Administrator\Downloads\Compressed\django2exe-dist\django2exe-dist\py-dist\python-2.7.10\lib\site-packages\cefpython3/subprocess" --no-sandbox --lang=en-US --log-file="C:\Users\Administrator\Downloads\Compressed\django2exe-dist\django2exe-dist\py-dist\debug.log" --log-severity=info --resources-dir-path="C:\Users\Administrator\Downloads\Compressed\django2exe-dist\django2exe-dist\py-dist\python-2.7.10\lib\site-packages\cefpython3" --locales-dir-path="C:\Users\Administrator\Downloads\Compressed\django2exe-dist\django2exe-dist\py-dist\python-2.7.10\lib\site-packages\cefpython3/locales" --remote-debugging-port=64219 --disable-gpu-shader-disk-cache run.py

[1231/133708.577:INFO:cef_log.cpp(8)] [Browser process] Initialize() called

[1231/133708.578:INFO:cef_log.cpp(8)] [Browser process] DEPRECATED: 'release_dcheck_enabled' setting

[1231/133708.578:INFO:cef_log.cpp(8)] [Browser process] CefInitialize()

[1231/133708.579:INFO:cef_log.cpp(8)] [Browser process] App_OnBeforeCommandLineProcessing_BrowserProcess()

[1231/133708.579:INFO:cefpython_app.cpp(105)] [Browser process] Command line string for the browser process: python --browser-subprocess-path="C:\Users\Administrator\Downloads\Compressed\django2exe-dist\django2exe-dist\py-dist\python-2.7.10\lib\site-packages\cefpython3/subprocess" --no-sandbox --lang=en-US --log-file="C:\Users\Administrator\Downloads\Compressed\django2exe-dist\django2exe-dist\py-dist\debug.log" --log-severity=info --resources-dir-path="C:\Users\Administrator\Downloads\Compressed\django2exe-dist\django2exe-dist\py-dist\python-2.7.10\lib\site-packages\cefpython3" --locales-dir-path="C:\Users\Administrator\Downloads\Compressed\django2exe-dist\django2exe-dist\py-dist\python-2.7.10\lib\site-packages\cefpython3/locales" --remote-debugging-port=57921 --disable-gpu-shader-disk-cache run.py

[1231/133735.708:INFO:cef_log.cpp(8)] [Browser process] Initialize() called

[1231/133735.709:INFO:cef_log.cpp(8)] [Browser process] DEPRECATED: 'release_dcheck_enabled' setting

[1231/133735.709:INFO:cef_log.cpp(8)] [Browser process] CefInitialize()

[1231/133735.710:INFO:cef_log.cpp(8)] [Browser process] App_OnBeforeCommandLineProcessing_BrowserProcess()

[1231/133735.710:INFO:cefpython_app.cpp(105)] [Browser process] Command line string for the browser process: python --browser-subprocess-path="C:\Users\Administrator\Downloads\Compressed\django2exe-dist\django2exe-dist\py-dist\python-2.7.10\lib\site-packages\cefpython3/subprocess" --no-sandbox --lang=en-US --log-file="C:\Users\Administrator\Downloads\Compressed\django2exe-dist\django2exe-dist\py-dist\debug.log" --log-severity=info --resources-dir-path="C:\Users\Administrator\Downloads\Compressed\django2exe-dist\django2exe-dist\py-dist\python-2.7.10\lib\site-packages\cefpython3" --locales-dir-path="C:\Users\Administrator\Downloads\Compressed\django2exe-dist\django2exe-dist\py-dist\python-2.7.10\lib\site-packages\cefpython3/locales" --remote-debugging-port=59713 --disable-gpu-shader-disk-cache run.py

[1231/133745.505:INFO:cef_log.cpp(8)] [Browser process] Initialize() called

[1231/133745.506:INFO:cef_log.cpp(8)] [Browser process] DEPRECATED: 'release_dcheck_enabled' setting

[1231/133745.506:INFO:cef_log.cpp(8)] [Browser process] CefInitialize()

[1231/133745.507:INFO:cef_log.cpp(8)] [Browser process] App_OnBeforeCommandLineProcessing_BrowserProcess()

[1231/133745.507:INFO:cefpython_app.cpp(105)] [Browser process] Command line string for the browser process: python --browser-subprocess-path="C:\Users\Administrator\Downloads\Compressed\django2exe-dist\django2exe-dist\py-dist\python-2.7.10\lib\site-packages\cefpython3/subprocess" --no-sandbox --lang=en-US --log-file="C:\Users\Administrator\Downloads\Compressed\django2exe-dist\django2exe-dist\py-dist\debug.log" --log-severity=info --resources-dir-path="C:\Users\Administrator\Downloads\Compressed\django2exe-dist\django2exe-dist\py-dist\python-2.7.10\lib\site-packages\cefpython3" --locales-dir-path="C:\Users\Administrator\Downloads\Compressed\django2exe-dist\django2exe-dist\py-dist\python-2.7.10\lib\site-packages\cefpython3/locales" --remote-debugging-port=61810 --disable-gpu-shader-disk-cache run.py

[1231/133907.624:INFO:cef_log.cpp(8)] [Browser process] Initialize() called

[1231/133907.627:INFO:cef_log.cpp(8)] [Browser process] DEPRECATED: 'release_dcheck_enabled' setting

[1231/133907.627:INFO:cef_log.cpp(8)] [Browser process] CefInitialize()

[1231/133907.632:INFO:cef_log.cpp(8)] [Browser process] App_OnBeforeCommandLineProcessing_BrowserProcess()

[1231/133907.632:INFO:cefpython_app.cpp(105)] [Browser process] Command line string for the browser process: python --browser-subprocess-path="D:\django2exe-dist\django2exe-dist\py-dist\python-2.7.10\lib\site-packages\cefpython3/subprocess" --no-sandbox --lang=en-US --log-file="D:\django2exe-dist\django2exe-dist\py-dist\debug.log" --log-severity=info --resources-dir-path="D:\django2exe-dist\django2exe-dist\py-dist\python-2.7.10\lib\site-packages\cefpython3" --locales-dir-path="D:\django2exe-dist\django2exe-dist\py-dist\python-2.7.10\lib\site-packages\cefpython3/locales" --remote-debugging-port=58645 --disable-gpu-shader-disk-cache run.py

[1231/134008.694:INFO:cef_log.cpp(8)] [Browser process] Initialize() called

[1231/134008.696:INFO:cef_log.cpp(8)] [Browser process] DEPRECATED: 'release_dcheck_enabled' setting

[1231/134008.697:INFO:cef_log.cpp(8)] [Browser process] CefInitialize()

[1231/134008.698:INFO:cef_log.cpp(8)] [Browser process] App_OnBeforeCommandLineProcessing_BrowserProcess()

[1231/134008.698:INFO:cefpython_app.cpp(105)] [Browser process] Command line string for the browser process: python --browser-subprocess-path="D:\django2exe-dist\django2exe-dist\py-dist\python-2.7.10\lib\site-packages\cefpython3/subprocess" --no-sandbox --lang=en-US --log-file="D:\django2exe-dist\django2exe-dist\py-dist\debug.log" --log-severity=info --resources-dir-path="D:\django2exe-dist\django2exe-dist\py-dist\python-2.7.10\lib\site-packages\cefpython3" --locales-dir-path="D:\django2exe-dist\django2exe-dist\py-dist\python-2.7.10\lib\site-packages\cefpython3/locales" --remote-debugging-port=62182 --disable-gpu-shader-disk-cache run.py

[1231/134147.137:INFO:cef_log.cpp(8)] [Browser process] Initialize() called

[1231/134147.139:INFO:cef_log.cpp(8)] [Browser process] DEPRECATED: 'release_dcheck_enabled' setting

[1231/134147.139:INFO:cef_log.cpp(8)] [Browser process] CefInitialize()

[1231/134147.141:INFO:cef_log.cpp(8)] [Browser process] App_OnBeforeCommandLineProcessing_BrowserProcess()

[1231/134147.141:INFO:cefpython_app.cpp(105)] [Browser process] Command line string for the browser process: python --browser-subprocess-path="D:\django2exe-dist\django2exe-dist\py-dist\python-2.7.10\lib\site-packages\cefpython3/subprocess" --no-sandbox --lang=en-US --log-file="D:\django2exe-dist\django2exe-dist\py-dist\debug.log" --log-severity=info --resources-dir-path="D:\django2exe-dist\django2exe-dist\py-dist\python-2.7.10\lib\site-packages\cefpython3" --locales-dir-path="D:\django2exe-dist\django2exe-dist\py-dist\python-2.7.10\lib\site-packages\cefpython3/locales" --remote-debugging-port=54774 --disable-gpu-shader-disk-cache run.py

[1231/134615.026:INFO:cef_log.cpp(8)] [Browser process] Initialize() called

[1231/134615.027:INFO:cef_log.cpp(8)] [Browser process] DEPRECATED: 'release_dcheck_enabled' setting

[1231/134615.027:INFO:cef_log.cpp(8)] [Browser process] CefInitialize()

[1231/134615.028:INFO:cef_log.cpp(8)] [Browser process] App_OnBeforeCommandLineProcessing_BrowserProcess()

[1231/134615.028:INFO:cefpython_app.cpp(105)] [Browser process] Command line string for the browser process: python --browser-subprocess-path="D:\django2exe-dist\django2exe-dist\py-dist\python-2.7.10\lib\site-packages\cefpython3/subprocess" --no-sandbox --lang=en-US --log-file="D:\django2exe-dist\django2exe-dist\py-dist\debug.log" --log-severity=info --resources-dir-path="D:\django2exe-dist\django2exe-dist\py-dist\python-2.7.10\lib\site-packages\cefpython3" --locales-dir-path="D:\django2exe-dist\django2exe-dist\py-dist\python-2.7.10\lib\site-packages\cefpython3/locales" --remote-debugging-port=64795 --disable-gpu-shader-disk-cache run.py

[1231/134901.425:INFO:cef_log.cpp(8)] [Browser process] Initialize() called

[1231/134901.426:INFO:cef_log.cpp(8)] [Browser process] DEPRECATED: 'release_dcheck_enabled' setting

[1231/134901.426:INFO:cef_log.cpp(8)] [Browser process] CefInitialize()

[1231/134901.427:INFO:cef_log.cpp(8)] [Browser process] App_OnBeforeCommandLineProcessing_BrowserProcess()

[1231/134901.427:INFO:cefpython_app.cpp(105)] [Browser process] Command line string for the browser process: python --browser-subprocess-path="D:\django2exe-dist\django2exe-dist\py-dist\python-2.7.10\lib\site-packages\cefpython3/subprocess" --no-sandbox --lang=en-US --log-file="D:\django2exe-dist\django2exe-dist\py-dist\debug.log" --log-severity=info --resources-dir-path="D:\django2exe-dist\django2exe-dist\py-dist\python-2.7.10\lib\site-packages\cefpython3" --locales-dir-path="D:\django2exe-dist\django2exe-dist\py-dist\python-2.7.10\lib\site-packages\cefpython3/locales" --remote-debugging-port=53021 --disable-gpu-shader-disk-cache run.py

[1231/135346.530:INFO:cef_log.cpp(8)] [Browser process] Initialize() called

[1231/135346.530:INFO:cef_log.cpp(8)] [Browser process] DEPRECATED: 'release_dcheck_enabled' setting

[1231/135346.530:INFO:cef_log.cpp(8)] [Browser process] CefInitialize()

[1231/135346.530:INFO:cef_log.cpp(8)] [Browser process] App_OnBeforeCommandLineProcessing_BrowserProcess()

[1231/135346.530:INFO:cefpython_app.cpp(105)] [Browser process] Command line string for the browser process: python --browser-subprocess-path="D:\django2exe-dist\django2exe-dist\py-dist\python-2.7.10\lib\site-packages\cefpython3/subprocess" --no-sandbox --lang=en-US --log-file="D:\django2exe-dist\django2exe-dist\py-dist\debug.log" --log-severity=info --resources-dir-path="D:\django2exe-dist\django2exe-dist\py-dist\python-2.7.10\lib\site-packages\cefpython3" --locales-dir-path="D:\django2exe-dist\django2exe-dist\py-dist\python-2.7.10\lib\site-packages\cefpython3/locales" --remote-debugging-port=58197 --disable-gpu-shader-disk-cache run.py

[1231/135408.089:INFO:cef_log.cpp(8)] [Browser process] Initialize() called

[1231/135408.089:INFO:cef_log.cpp(8)] [Browser process] DEPRECATED: 'release_dcheck_enabled' setting

[1231/135408.089:INFO:cef_log.cpp(8)] [Browser process] CefInitialize()

[1231/135408.089:INFO:cef_log.cpp(8)] [Browser process] App_OnBeforeCommandLineProcessing_BrowserProcess()

[1231/135408.089:INFO:cefpython_app.cpp(105)] [Browser process] Command line string for the browser process: python --browser-subprocess-path="D:\django2exe-dist\django2exe-dist\py-dist\python-2.7.10\lib\site-packages\cefpython3/subprocess" --no-sandbox --lang=en-US --log-file="D:\django2exe-dist\django2exe-dist\py-dist\debug.log" --log-severity=info --resources-dir-path="D:\django2exe-dist\django2exe-dist\py-dist\python-2.7.10\lib\site-packages\cefpython3" --locales-dir-path="D:\django2exe-dist\django2exe-dist\py-dist\python-2.7.10\lib\site-packages\cefpython3/locales" --remote-debugging-port=65342 --disable-gpu-shader-disk-cache run.py

[1231/135448.320:INFO:cef_log.cpp(8)] [Browser process] Initialize() called

[1231/135448.320:INFO:cef_log.cpp(8)] [Browser process] DEPRECATED: 'release_dcheck_enabled' setting

[1231/135448.320:INFO:cef_log.cpp(8)] [Browser process] CefInitialize()

[1231/135448.330:INFO:cef_log.cpp(8)] [Browser process] App_OnBeforeCommandLineProcessing_BrowserProcess()

[1231/135448.330:INFO:cefpython_app.cpp(105)] [Browser process] Command line string for the browser process: python --browser-subprocess-path="D:\django2exe-dist\django2exe-dist\py-dist\python-2.7.10\lib\site-packages\cefpython3/subprocess" --no-sandbox --lang=en-US --log-file="D:\django2exe-dist\django2exe-dist\py-dist\debug.log" --log-severity=info --resources-dir-path="D:\django2exe-dist\django2exe-dist\py-dist\python-2.7.10\lib\site-packages\cefpython3" --locales-dir-path="D:\django2exe-dist\django2exe-dist\py-dist\python-2.7.10\lib\site-packages\cefpython3/locales" --remote-debugging-port=59419 --disable-gpu-shader-disk-cache run.py

[1231/135746.088:INFO:cef_log.cpp(8)] [Browser process] Initialize() called

[1231/135746.088:INFO:cef_log.cpp(8)] [Browser process] DEPRECATED: 'release_dcheck_enabled' setting

[1231/135746.088:INFO:cef_log.cpp(8)] [Browser process] CefInitialize()

[1231/135746.088:INFO:cef_log.cpp(8)] [Browser process] App_OnBeforeCommandLineProcessing_BrowserProcess()

[1231/135746.088:INFO:cefpython_app.cpp(105)] [Browser process] Command line string for the browser process: python --browser-subprocess-path="D:\django2exe-dist\django2exe-dist\py-dist\python-2.7.10\lib\site-packages\cefpython3/subprocess" --no-sandbox --lang=en-US --log-file="D:\django2exe-dist\django2exe-dist\py-dist\debug.log" --log-severity=info --resources-dir-path="D:\django2exe-dist\django2exe-dist\py-dist\python-2.7.10\lib\site-packages\cefpython3" --locales-dir-path="D:\django2exe-dist\django2exe-dist\py-dist\python-2.7.10\lib\site-packages\cefpython3/locales" --remote-debugging-port=50598 --disable-gpu-shader-disk-cache run.py

[1231/135823.660:INFO:cef_log.cpp(8)] [Browser process] Initialize() called

[1231/135823.660:INFO:cef_log.cpp(8)] [Browser process] DEPRECATED: 'release_dcheck_enabled' setting

[1231/135823.660:INFO:cef_log.cpp(8)] [Browser process] CefInitialize()

[1231/135823.660:INFO:cef_log.cpp(8)] [Browser process] App_OnBeforeCommandLineProcessing_BrowserProcess()

[1231/135823.660:INFO:cefpython_app.cpp(105)] [Browser process] Command line string for the browser process: python --browser-subprocess-path="D:\django2exe-dist\django2exe-dist\py-dist\python-2.7.10\lib\site-packages\cefpython3/subprocess" --no-sandbox --lang=en-US --log-file="D:\django2exe-dist\django2exe-dist\py-dist\debug.log" --log-severity=info --resources-dir-path="D:\django2exe-dist\django2exe-dist\py-dist\python-2.7.10\lib\site-packages\cefpython3" --locales-dir-path="D:\django2exe-dist\django2exe-dist\py-dist\python-2.7.10\lib\site-packages\cefpython3/locales" --remote-debugging-port=64248 --disable-gpu-shader-disk-cache run.py

[1231/135845.902:INFO:cef_log.cpp(8)] [Browser process] Initialize() called

[1231/135845.902:INFO:cef_log.cpp(8)] [Browser process] DEPRECATED: 'release_dcheck_enabled' setting

[1231/135845.902:INFO:cef_log.cpp(8)] [Browser process] CefInitialize()

[1231/135845.902:INFO:cef_log.cpp(8)] [Browser process] App_OnBeforeCommandLineProcessing_BrowserProcess()

[1231/135845.902:INFO:cefpython_app.cpp(105)] [Browser process] Command line string for the browser process: python --browser-subprocess-path="D:\django2exe-dist\django2exe-dist\py-dist\python-2.7.10\lib\site-packages\cefpython3/subprocess" --no-sandbox --lang=en-US --log-file="D:\django2exe-dist\django2exe-dist\py-dist\debug.log" --log-severity=info --resources-dir-path="D:\django2exe-dist\django2exe-dist\py-dist\python-2.7.10\lib\site-packages\cefpython3" --locales-dir-path="D:\django2exe-dist\django2exe-dist\py-dist\python-2.7.10\lib\site-packages\cefpython3/locales" --remote-debugging-port=56682 --disable-gpu-shader-disk-cache run.py

[1231/140046.093:INFO:cef_log.cpp(8)] [Browser process] Initialize() called

[1231/140046.093:INFO:cef_log.cpp(8)] [Browser process] DEPRECATED: 'release_dcheck_enabled' setting

[1231/140046.093:INFO:cef_log.cpp(8)] [Browser process] CefInitialize()

[1231/140046.093:INFO:cef_log.cpp(8)] [Browser process] App_OnBeforeCommandLineProcessing_BrowserProcess()

[1231/140046.093:INFO:cefpython_app.cpp(105)] [Browser process] Command line string for the browser process: python --browser-subprocess-path="D:\django2exe-dist\django2exe-dist\py-dist\python-2.7.10\lib\site-packages\cefpython3/subprocess" --no-sandbox --lang=en-US --log-file="D:\django2exe-dist\django2exe-dist\py-dist\debug.log" --log-severity=info --resources-dir-path="D:\django2exe-dist\django2exe-dist\py-dist\python-2.7.10\lib\site-packages\cefpython3" --locales-dir-path="D:\django2exe-dist\django2exe-dist\py-dist\python-2.7.10\lib\site-packages\cefpython3/locales" --remote-debugging-port=54973 --disable-gpu-shader-disk-cache run.py

[1231/140229.121:INFO:cef_log.cpp(8)] [Browser process] Initialize() called

[1231/140229.121:INFO:cef_log.cpp(8)] [Browser process] DEPRECATED: 'release_dcheck_enabled' setting

[1231/140229.121:INFO:cef_log.cpp(8)] [Browser process] CefInitialize()

[1231/140229.121:INFO:cef_log.cpp(8)] [Browser process] App_OnBeforeCommandLineProcessing_BrowserProcess()

[1231/140229.121:INFO:cefpython_app.cpp(105)] [Browser process] Command line string for the browser process: python --browser-subprocess-path="D:\django2exe-dist\django2exe-dist\py-dist\python-2.7.10\lib\site-packages\cefpython3/subprocess" --no-sandbox --lang=en-US --log-file="D:\django2exe-dist\django2exe-dist\py-dist\debug.log" --log-severity=info --resources-dir-path="D:\django2exe-dist\django2exe-dist\py-dist\python-2.7.10\lib\site-packages\cefpython3" --locales-dir-path="D:\django2exe-dist\django2exe-dist\py-dist\python-2.7.10\lib\site-packages\cefpython3/locales" --remote-debugging-port=58785 --disable-gpu-shader-disk-cache run.py

[1231/140402.989:INFO:cef_log.cpp(8)] [Browser process] Initialize() called

[1231/140402.989:INFO:cef_log.cpp(8)] [Browser process] DEPRECATED: 'release_dcheck_enabled' setting

[1231/140402.989:INFO:cef_log.cpp(8)] [Browser process] CefInitialize()

[1231/140402.989:INFO:cef_log.cpp(8)] [Browser process] App_OnBeforeCommandLineProcessing_BrowserProcess()

[1231/140402.989:INFO:cefpython_app.cpp(105)] [Browser process] Command line string for the browser process: python --browser-subprocess-path="D:\django2exe-dist\django2exe-dist\py-dist\python-2.7.10\lib\site-packages\cefpython3/subprocess" --no-sandbox --lang=en-US --log-file="D:\django2exe-dist\django2exe-dist\py-dist\debug.log" --log-severity=info --resources-dir-path="D:\django2exe-dist\django2exe-dist\py-dist\python-2.7.10\lib\site-packages\cefpython3" --locales-dir-path="D:\django2exe-dist\django2exe-dist\py-dist\python-2.7.10\lib\site-packages\cefpython3/locales" --remote-debugging-port=61651 --disable-gpu-shader-disk-cache run.py

[1231/141122.579:INFO:cef_log.cpp(8)] [Browser process] Initialize() called

[1231/141122.580:INFO:cef_log.cpp(8)] [Browser process] DEPRECATED: 'release_dcheck_enabled' setting

[1231/141122.580:INFO:cef_log.cpp(8)] [Browser process] CefInitialize()

[1231/141122.581:INFO:cef_log.cpp(8)] [Browser process] App_OnBeforeCommandLineProcessing_BrowserProcess()

[1231/141122.581:INFO:cefpython_app.cpp(105)] [Browser process] Command line string for the browser process: python --browser-subprocess-path="D:\django2exe-dist\django2exe-dist\py-dist\python-2.7.10\lib\site-packages\cefpython3/subprocess" --no-sandbox --lang=en-US --log-file="D:\django2exe-dist\django2exe-dist\py-dist\debug.log" --log-severity=info --resources-dir-path="D:\django2exe-dist\django2exe-dist\py-dist\python-2.7.10\lib\site-packages\cefpython3" --locales-dir-path="D:\django2exe-dist\django2exe-dist\py-dist\python-2.7.10\lib\site-packages\cefpython3/locales" --remote-debugging-port=61087 --disable-gpu-shader-disk-cache run.py

[1231/142909.816:INFO:cef_log.cpp(8)] [Browser process] Initialize() called

[1231/142909.817:INFO:cef_log.cpp(8)] [Browser process] DEPRECATED: 'release_dcheck_enabled' setting

[1231/142909.817:INFO:cef_log.cpp(8)] [Browser process] CefInitialize()

[1231/142909.818:INFO:cef_log.cpp(8)] [Browser process] App_OnBeforeCommandLineProcessing_BrowserProcess()

[1231/142909.818:INFO:cefpython_app.cpp(105)] [Browser process] Command line string for the browser process: python --browser-subprocess-path="D:\django2exe-dist\django2exe-dist\py-dist\python-2.7.10\lib\site-packages\cefpython3/subprocess" --no-sandbox --lang=en-US --log-file="D:\django2exe-dist\django2exe-dist\py-dist\debug.log" --log-severity=info --resources-dir-path="D:\django2exe-dist\django2exe-dist\py-dist\python-2.7.10\lib\site-packages\cefpython3" --locales-dir-path="D:\django2exe-dist\django2exe-dist\py-dist\python-2.7.10\lib\site-packages\cefpython3/locales" --remote-debugging-port=63421 --disable-gpu-shader-disk-cache run.py

[1231/143107.219:INFO:cef_log.cpp(8)] [Browser process] Initialize() called

[1231/143107.219:INFO:cef_log.cpp(8)] [Browser process] DEPRECATED: 'release_dcheck_enabled' setting

[1231/143107.219:INFO:cef_log.cpp(8)] [Browser process] CefInitialize()

[1231/143107.229:INFO:cef_log.cpp(8)] [Browser process] App_OnBeforeCommandLineProcessing_BrowserProcess()

[1231/143107.229:INFO:cefpython_app.cpp(105)] [Browser process] Command line string for the browser process: python --browser-subprocess-path="D:\django2exe-dist\django2exe-dist\py-dist\python-2.7.10\lib\site-packages\cefpython3/subprocess" --no-sandbox --lang=en-US --log-file="D:\django2exe-dist\django2exe-dist\py-dist\debug.log" --log-severity=info --resources-dir-path="D:\django2exe-dist\django2exe-dist\py-dist\python-2.7.10\lib\site-packages\cefpython3" --locales-dir-path="D:\django2exe-dist\django2exe-dist\py-dist\python-2.7.10\lib\site-packages\cefpython3/locales" --remote-debugging-port=50979 --disable-gpu-shader-disk-cache run.py

[1231/143321.810:INFO:cef_log.cpp(8)] [Browser process] Initialize() called

[1231/143321.810:INFO:cef_log.cpp(8)] [Browser process] DEPRECATED: 'release_dcheck_enabled' setting

[1231/143321.810:INFO:cef_log.cpp(8)] [Browser process] CefInitialize()

[1231/143321.810:INFO:cef_log.cpp(8)] [Browser process] App_OnBeforeCommandLineProcessing_BrowserProcess()

[1231/143321.810:INFO:cefpython_app.cpp(105)] [Browser process] Command line string for the browser process: python --browser-subprocess-path="D:\django2exe-dist\django2exe-dist\py-dist\python-2.7.10\lib\site-packages\cefpython3/subprocess" --no-sandbox --lang=en-US --log-file="D:\django2exe-dist\django2exe-dist\py-dist\debug.log" --log-severity=info --resources-dir-path="D:\django2exe-dist\django2exe-dist\py-dist\python-2.7.10\lib\site-packages\cefpython3" --locales-dir-path="D:\django2exe-dist\django2exe-dist\py-dist\python-2.7.10\lib\site-packages\cefpython3/locales" --remote-debugging-port=53433 --disable-gpu-shader-disk-cache run.py

[1231/143541.506:INFO:cef_log.cpp(8)] [Browser process] Initialize() called

[1231/143541.506:INFO:cef_log.cpp(8)] [Browser process] DEPRECATED: 'release_dcheck_enabled' setting

[1231/143541.506:INFO:cef_log.cpp(8)] [Browser process] CefInitialize()

[1231/143541.506:INFO:cef_log.cpp(8)] [Browser process] App_OnBeforeCommandLineProcessing_BrowserProcess()

[1231/143541.506:INFO:cefpython_app.cpp(105)] [Browser process] Command line string for the browser process: python --browser-subprocess-path="D:\django2exe-dist\django2exe-dist\py-dist\python-2.7.10\lib\site-packages\cefpython3/subprocess" --no-sandbox --lang=en-US --log-file="D:\django2exe-dist\django2exe-dist\py-dist\debug.log" --log-severity=info --resources-dir-path="D:\django2exe-dist\django2exe-dist\py-dist\python-2.7.10\lib\site-packages\cefpython3" --locales-dir-path="D:\django2exe-dist\django2exe-dist\py-dist\python-2.7.10\lib\site-packages\cefpython3/locales" --remote-debugging-port=57002 --disable-gpu-shader-disk-cache run.py

[1231/143615.156:INFO:cef_log.cpp(8)] [Browser process] Initialize() called

[1231/143615.157:INFO:cef_log.cpp(8)] [Browser process] DEPRECATED: 'release_dcheck_enabled' setting

[1231/143615.157:INFO:cef_log.cpp(8)] [Browser process] CefInitialize()

[1231/143615.158:INFO:cef_log.cpp(8)] [Browser process] App_OnBeforeCommandLineProcessing_BrowserProcess()

[1231/143615.158:INFO:cefpython_app.cpp(105)] [Browser process] Command line string for the browser process: python --browser-subprocess-path="D:\django2exe-dist\django2exe-dist\py-dist\python-2.7.10\lib\site-packages\cefpython3/subprocess" --no-sandbox --lang=en-US --log-file="D:\django2exe-dist\django2exe-dist\py-dist\debug.log" --log-severity=info --resources-dir-path="D:\django2exe-dist\django2exe-dist\py-dist\python-2.7.10\lib\site-packages\cefpython3" --locales-dir-path="D:\django2exe-dist\django2exe-dist\py-dist\python-2.7.10\lib\site-packages\cefpython3/locales" --remote-debugging-port=59318 --disable-gpu-shader-disk-cache run.py

[1231/143811.488:INFO:cef_log.cpp(8)] [Browser process] Initialize() called

[1231/143811.489:INFO:cef_log.cpp(8)] [Browser process] DEPRECATED: 'release_dcheck_enabled' setting

[1231/143811.490:INFO:cef_log.cpp(8)] [Browser process] CefInitialize()

[1231/143811.491:INFO:cef_log.cpp(8)] [Browser process] App_OnBeforeCommandLineProcessing_BrowserProcess()

[1231/143811.491:INFO:cefpython_app.cpp(105)] [Browser process] Command line string for the browser process: python --browser-subprocess-path="D:\django2exe-dist\django2exe-dist\py-dist\python-2.7.10\lib\site-packages\cefpython3/subprocess" --no-sandbox --lang=en-US --log-file="D:\django2exe-dist\django2exe-dist\py-dist\debug.log" --log-severity=info --resources-dir-path="D:\django2exe-dist\django2exe-dist\py-dist\python-2.7.10\lib\site-packages\cefpython3" --locales-dir-path="D:\django2exe-dist\django2exe-dist\py-dist\python-2.7.10\lib\site-packages\cefpython3/locales" --remote-debugging-port=60618 --disable-gpu-shader-disk-cache run.py

[1231/143843.380:INFO:cef_log.cpp(8)] [Browser process] Initialize() called

[1231/143843.381:INFO:cef_log.cpp(8)] [Browser process] DEPRECATED: 'release_dcheck_enabled' setting

[1231/143843.381:INFO:cef_log.cpp(8)] [Browser process] CefInitialize()

[1231/143843.382:INFO:cef_log.cpp(8)] [Browser process] App_OnBeforeCommandLineProcessing_BrowserProcess()

[1231/143843.382:INFO:cefpython_app.cpp(105)] [Browser process] Command line string for the browser process: python --browser-subprocess-path="D:\django2exe-dist\django2exe-dist\py-dist\python-2.7.10\lib\site-packages\cefpython3/subprocess" --no-sandbox --lang=en-US --log-file="D:\django2exe-dist\django2exe-dist\py-dist\debug.log" --log-severity=info --resources-dir-path="D:\django2exe-dist\django2exe-dist\py-dist\python-2.7.10\lib\site-packages\cefpython3" --locales-dir-path="D:\django2exe-dist\django2exe-dist\py-dist\python-2.7.10\lib\site-packages\cefpython3/locales" --remote-debugging-port=60299 --disable-gpu-shader-disk-cache run.py

[1231/154555.620:INFO:cef_log.cpp(8)] [Browser process] Initialize() called

[1231/154555.621:INFO:cef_log.cpp(8)] [Browser process] DEPRECATED: 'release_dcheck_enabled' setting

[1231/154555.621:INFO:cef_log.cpp(8)] [Browser process] CefInitialize()

[1231/154555.622:INFO:cef_log.cpp(8)] [Browser process] App_OnBeforeCommandLineProcessing_BrowserProcess()

[1231/154555.622:INFO:cefpython_app.cpp(105)] [Browser process] Command line string for the browser process: python --browser-subprocess-path="D:\django2exe-dist\django2exe-dist\py-dist\python-2.7.10\lib\site-packages\cefpython3/subprocess" --no-sandbox --lang=en-US --log-file="D:\django2exe-dist\django2exe-dist\py-dist\debug.log" --log-severity=info --resources-dir-path="D:\django2exe-dist\django2exe-dist\py-dist\python-2.7.10\lib\site-packages\cefpython3" --locales-dir-path="D:\django2exe-dist\django2exe-dist\py-dist\python-2.7.10\lib\site-packages\cefpython3/locales" --remote-debugging-port=49602 --disable-gpu-shader-disk-cache run.py

[1231/155315.217:INFO:cef_log.cpp(8)] [Browser process] Initialize() called

[1231/155315.217:INFO:cef_log.cpp(8)] [Browser process] DEPRECATED: 'release_dcheck_enabled' setting

[1231/155315.217:INFO:cef_log.cpp(8)] [Browser process] CefInitialize()

[1231/155315.217:INFO:cef_log.cpp(8)] [Browser process] App_OnBeforeCommandLineProcessing_BrowserProcess()

[1231/155315.217:INFO:cefpython_app.cpp(105)] [Browser process] Command line string for the browser process: python --browser-subprocess-path="D:\django2exe-dist\django2exe-dist\py-dist\python-2.7.10\lib\site-packages\cefpython3/subprocess" --no-sandbox --lang=en-US --log-file="D:\django2exe-dist\django2exe-dist\py-dist\debug.log" --log-severity=info --resources-dir-path="D:\django2exe-dist\django2exe-dist\py-dist\python-2.7.10\lib\site-packages\cefpython3" --locales-dir-path="D:\django2exe-dist\django2exe-dist\py-dist\python-2.7.10\lib\site-packages\cefpython3/locales" --remote-debugging-port=56704 --disable-gpu-shader-disk-cache run.py

[1231/155600.030:INFO:cef_log.cpp(8)] [Browser process] Initialize() called

[1231/155600.030:INFO:cef_log.cpp(8)] [Browser process] DEPRECATED: 'release_dcheck_enabled' setting

[1231/155600.030:INFO:cef_log.cpp(8)] [Browser process] CefInitialize()

[1231/155600.030:INFO:cef_log.cpp(8)] [Browser process] App_OnBeforeCommandLineProcessing_BrowserProcess()

[1231/155600.030:INFO:cefpython_app.cpp(105)] [Browser process] Command line string for the browser process: python --browser-subprocess-path="D:\django2exe-dist\django2exe-dist\py-dist\python-2.7.10\lib\site-packages\cefpython3/subprocess" --no-sandbox --lang=en-US --log-file="D:\django2exe-dist\django2exe-dist\py-dist\debug.log" --log-severity=info --resources-dir-path="D:\django2exe-dist\django2exe-dist\py-dist\python-2.7.10\lib\site-packages\cefpython3" --locales-dir-path="D:\django2exe-dist\django2exe-dist\py-dist\python-2.7.10\lib\site-packages\cefpython3/locales" --remote-debugging-port=54576 --disable-gpu-shader-disk-cache run.py

[1231/175747.560:INFO:cef_log.cpp(8)] [Browser process] Initialize() called

[1231/175747.561:INFO:cef_log.cpp(8)] [Browser process] DEPRECATED: 'release_dcheck_enabled' setting

[1231/175747.561:INFO:cef_log.cpp(8)] [Browser process] CefInitialize()

[1231/175747.562:INFO:cef_log.cpp(8)] [Browser process] App_OnBeforeCommandLineProcessing_BrowserProcess()

[1231/175747.562:INFO:cefpython_app.cpp(105)] [Browser process] Command line string for the browser process: python --browser-subprocess-path="D:\django2exe-dist\django2exe-dist\py-dist\python-2.7.10\lib\site-packages\cefpython3/subprocess" --no-sandbox --lang=en-US --log-file="D:\django2exe-dist\django2exe-dist\py-dist\debug.log" --log-severity=info --resources-dir-path="D:\django2exe-dist\django2exe-dist\py-dist\python-2.7.10\lib\site-packages\cefpython3" --locales-dir-path="D:\django2exe-dist\django2exe-dist\py-dist\python-2.7.10\lib\site-packages\cefpython3/locales" --remote-debugging-port=53351 --disable-gpu-shader-disk-cache run.py

[1231/180157.695:INFO:cef_log.cpp(8)] [Browser process] Initialize() called

[1231/180157.696:INFO:cef_log.cpp(8)] [Browser process] DEPRECATED: 'release_dcheck_enabled' setting

[1231/180157.696:INFO:cef_log.cpp(8)] [Browser process] CefInitialize()

[1231/180157.697:INFO:cef_log.cpp(8)] [Browser process] App_OnBeforeCommandLineProcessing_BrowserProcess()

[1231/180157.697:INFO:cefpython_app.cpp(105)] [Browser process] Command line string for the browser process: python --browser-subprocess-path="D:\django2exe-dist\django2exe-dist\py-dist\python-2.7.10\lib\site-packages\cefpython3/subprocess" --no-sandbox --lang=en-US --log-file="D:\django2exe-dist\django2exe-dist\py-dist\debug.log" --log-severity=info --resources-dir-path="D:\django2exe-dist\django2exe-dist\py-dist\python-2.7.10\lib\site-packages\cefpython3" --locales-dir-path="D:\django2exe-dist\django2exe-dist\py-dist\python-2.7.10\lib\site-packages\cefpython3/locales" --remote-debugging-port=52261 --disable-gpu-shader-disk-cache run.py

[1231/180432.308:INFO:cef_log.cpp(8)] [Browser process] Initialize() called

[1231/180432.310:INFO:cef_log.cpp(8)] [Browser process] DEPRECATED: 'release_dcheck_enabled' setting

[1231/180432.310:INFO:cef_log.cpp(8)] [Browser process] CefInitialize()

[1231/180432.311:INFO:cef_log.cpp(8)] [Browser process] App_OnBeforeCommandLineProcessing_BrowserProcess()

[1231/180432.311:INFO:cefpython_app.cpp(105)] [Browser process] Command line string for the browser process: python --browser-subprocess-path="D:\django2exe-dist\django2exe-dist\py-dist\python-2.7.10\lib\site-packages\cefpython3/subprocess" --no-sandbox --lang=en-US --log-file="D:\django2exe-dist\django2exe-dist\py-dist\debug.log" --log-severity=info --resources-dir-path="D:\django2exe-dist\django2exe-dist\py-dist\python-2.7.10\lib\site-packages\cefpython3" --locales-dir-path="D:\django2exe-dist\django2exe-dist\py-dist\python-2.7.10\lib\site-packages\cefpython3/locales" --remote-debugging-port=64024 --disable-gpu-shader-disk-cache run.py

[1231/180531.819:INFO:cef_log.cpp(8)] [Browser process] Initialize() called

[1231/180531.820:INFO:cef_log.cpp(8)] [Browser process] DEPRECATED: 'release_dcheck_enabled' setting

[1231/180531.820:INFO:cef_log.cpp(8)] [Browser process] CefInitialize()

[1231/180531.821:INFO:cef_log.cpp(8)] [Browser process] App_OnBeforeCommandLineProcessing_BrowserProcess()

[1231/180531.821:INFO:cefpython_app.cpp(105)] [Browser process] Command line string for the browser process: python --browser-subprocess-path="D:\django2exe-dist\django2exe-dist\py-dist\python-2.7.10\lib\site-packages\cefpython3/subprocess" --no-sandbox --lang=en-US --log-file="D:\django2exe-dist\django2exe-dist\py-dist\debug.log" --log-severity=info --resources-dir-path="D:\django2exe-dist\django2exe-dist\py-dist\python-2.7.10\lib\site-packages\cefpython3" --locales-dir-path="D:\django2exe-dist\django2exe-dist\py-dist\python-2.7.10\lib\site-packages\cefpython3/locales" --remote-debugging-port=56169 --disable-gpu-shader-disk-cache run.py

[1231/180612.971:INFO:cef_log.cpp(8)] [Browser process] Initialize() called

[1231/180612.972:INFO:cef_log.cpp(8)] [Browser process] DEPRECATED: 'release_dcheck_enabled' setting

[1231/180612.972:INFO:cef_log.cpp(8)] [Browser process] CefInitialize()

[1231/180612.973:INFO:cef_log.cpp(8)] [Browser process] App_OnBeforeCommandLineProcessing_BrowserProcess()

[1231/180612.973:INFO:cefpython_app.cpp(105)] [Browser process] Command line string for the browser process: python --browser-subprocess-path="D:\django2exe-dist\django2exe-dist\py-dist\python-2.7.10\lib\site-packages\cefpython3/subprocess" --no-sandbox --lang=en-US --log-file="D:\django2exe-dist\django2exe-dist\py-dist\debug.log" --log-severity=info --resources-dir-path="D:\django2exe-dist\django2exe-dist\py-dist\python-2.7.10\lib\site-packages\cefpython3" --locales-dir-path="D:\django2exe-dist\django2exe-dist\py-dist\python-2.7.10\lib\site-packages\cefpython3/locales" --remote-debugging-port=58052 --disable-gpu-shader-disk-cache run.py

[1231/180710.432:INFO:cef_log.cpp(8)] [Browser process] Initialize() called

[1231/180710.433:INFO:cef_log.cpp(8)] [Browser process] DEPRECATED: 'release_dcheck_enabled' setting

[1231/180710.433:INFO:cef_log.cpp(8)] [Browser process] CefInitialize()

[1231/180710.434:INFO:cef_log.cpp(8)] [Browser process] App_OnBeforeCommandLineProcessing_BrowserProcess()

[1231/180710.434:INFO:cefpython_app.cpp(105)] [Browser process] Command line string for the browser process: python --browser-subprocess-path="D:\django2exe-dist\django2exe-dist\py-dist\python-2.7.10\lib\site-packages\cefpython3/subprocess" --no-sandbox --lang=en-US --log-file="D:\django2exe-dist\django2exe-dist\py-dist\debug.log" --log-severity=info --resources-dir-path="D:\django2exe-dist\django2exe-dist\py-dist\python-2.7.10\lib\site-packages\cefpython3" --locales-dir-path="D:\django2exe-dist\django2exe-dist\py-dist\python-2.7.10\lib\site-packages\cefpython3/locales" --remote-debugging-port=51264 --disable-gpu-shader-disk-cache run.py

[1231/180903.138:INFO:cef_log.cpp(8)] [Browser process] Initialize() called

[1231/180903.139:INFO:cef_log.cpp(8)] [Browser process] DEPRECATED: 'release_dcheck_enabled' setting

[1231/180903.139:INFO:cef_log.cpp(8)] [Browser process] CefInitialize()

[1231/180903.140:INFO:cef_log.cpp(8)] [Browser process] App_OnBeforeCommandLineProcessing_BrowserProcess()

[1231/180903.140:INFO:cefpython_app.cpp(105)] [Browser process] Command line string for the browser process: python --browser-subprocess-path="D:\django2exe-dist\django2exe-dist\py-dist\python-2.7.10\lib\site-packages\cefpython3/subprocess" --no-sandbox --lang=en-US --log-file="D:\django2exe-dist\django2exe-dist\py-dist\debug.log" --log-severity=info --resources-dir-path="D:\django2exe-dist\django2exe-dist\py-dist\python-2.7.10\lib\site-packages\cefpython3" --locales-dir-path="D:\django2exe-dist\django2exe-dist\py-dist\python-2.7.10\lib\site-packages\cefpython3/locales" --remote-debugging-port=50164 --disable-gpu-shader-disk-cache run.py

[1231/181039.785:INFO:cef_log.cpp(8)] [Browser process] Initialize() called

[1231/181039.786:INFO:cef_log.cpp(8)] [Browser process] DEPRECATED: 'release_dcheck_enabled' setting

[1231/181039.786:INFO:cef_log.cpp(8)] [Browser process] CefInitialize()

[1231/181039.787:INFO:cef_log.cpp(8)] [Browser process] App_OnBeforeCommandLineProcessing_BrowserProcess()

[1231/181039.787:INFO:cefpython_app.cpp(105)] [Browser process] Command line string for the browser process: python --browser-subprocess-path="D:\django2exe-dist\django2exe-dist\py-dist\python-2.7.10\lib\site-packages\cefpython3/subprocess" --no-sandbox --lang=en-US --log-file="D:\django2exe-dist\django2exe-dist\py-dist\debug.log" --log-severity=info --resources-dir-path="D:\django2exe-dist\django2exe-dist\py-dist\python-2.7.10\lib\site-packages\cefpython3" --locales-dir-path="D:\django2exe-dist\django2exe-dist\py-dist\python-2.7.10\lib\site-packages\cefpython3/locales" --remote-debugging-port=55739 --disable-gpu-shader-disk-cache run.py

[1231/182444.394:INFO:cef_log.cpp(8)] [Browser process] Initialize() called

[1231/182444.395:INFO:cef_log.cpp(8)] [Browser process] DEPRECATED: 'release_dcheck_enabled' setting

[1231/182444.395:INFO:cef_log.cpp(8)] [Browser process] CefInitialize()

[1231/182444.396:INFO:cef_log.cpp(8)] [Browser process] App_OnBeforeCommandLineProcessing_BrowserProcess()

[1231/182444.396:INFO:cefpython_app.cpp(105)] [Browser process] Command line string for the browser process: python --browser-subprocess-path="D:\django2exe-dist\django2exe-dist\py-dist\python-2.7.10\lib\site-packages\cefpython3/subprocess" --no-sandbox --lang=en-US --log-file="D:\django2exe-dist\django2exe-dist\py-dist\debug.log" --log-severity=info --resources-dir-path="D:\django2exe-dist\django2exe-dist\py-dist\python-2.7.10\lib\site-packages\cefpython3" --locales-dir-path="D:\django2exe-dist\django2exe-dist\py-dist\python-2.7.10\lib\site-packages\cefpython3/locales" --remote-debugging-port=60713 --disable-gpu-shader-disk-cache run.py

[1231/182819.724:INFO:cef_log.cpp(8)] [Browser process] Initialize() called

[1231/182819.725:INFO:cef_log.cpp(8)] [Browser process] DEPRECATED: 'release_dcheck_enabled' setting

[1231/182819.725:INFO:cef_log.cpp(8)] [Browser process] CefInitialize()

[1231/182819.726:INFO:cef_log.cpp(8)] [Browser process] App_OnBeforeCommandLineProcessing_BrowserProcess()

[1231/182819.727:INFO:cefpython_app.cpp(105)] [Browser process] Command line string for the browser process: python --browser-subprocess-path="D:\django2exe-dist\django2exe-dist\py-dist\python-2.7.10\lib\site-packages\cefpython3/subprocess" --no-sandbox --lang=en-US --log-file="D:\django2exe-dist\django2exe-dist\py-dist\debug.log" --log-severity=info --resources-dir-path="D:\django2exe-dist\django2exe-dist\py-dist\python-2.7.10\lib\site-packages\cefpython3" --locales-dir-path="D:\django2exe-dist\django2exe-dist\py-dist\python-2.7.10\lib\site-packages\cefpython3/locales" --remote-debugging-port=63300 --disable-gpu-shader-disk-cache run.py

[1231/183528.756:INFO:cef_log.cpp(8)] [Browser process] Initialize() called

[1231/183528.757:INFO:cef_log.cpp(8)] [Browser process] DEPRECATED: 'release_dcheck_enabled' setting

[1231/183528.757:INFO:cef_log.cpp(8)] [Browser process] CefInitialize()

[1231/183528.758:INFO:cef_log.cpp(8)] [Browser process] App_OnBeforeCommandLineProcessing_BrowserProcess()

[1231/183528.758:INFO:cefpython_app.cpp(105)] [Browser process] Command line string for the browser process: python --browser-subprocess-path="D:\django2exe-dist\django2exe-dist\py-dist\python-2.7.10\lib\site-packages\cefpython3/subprocess" --no-sandbox --lang=en-US --log-file="D:\django2exe-dist\django2exe-dist\py-dist\debug.log" --log-severity=info --resources-dir-path="D:\django2exe-dist\django2exe-dist\py-dist\python-2.7.10\lib\site-packages\cefpython3" --locales-dir-path="D:\django2exe-dist\django2exe-dist\py-dist\python-2.7.10\lib\site-packages\cefpython3/locales" --remote-debugging-port=64953 --disable-gpu-shader-disk-cache run.py

[1231/184000.209:INFO:cef_log.cpp(8)] [Browser process] Initialize() called

[1231/184000.211:INFO:cef_log.cpp(8)] [Browser process] DEPRECATED: 'release_dcheck_enabled' setting

[1231/184000.211:INFO:cef_log.cpp(8)] [Browser process] CefInitialize()

[1231/184000.212:INFO:cef_log.cpp(8)] [Browser process] App_OnBeforeCommandLineProcessing_BrowserProcess()

[1231/184000.212:INFO:cefpython_app.cpp(105)] [Browser process] Command line string for the browser process: python --browser-subprocess-path="D:\django2exe-dist\django2exe-dist\py-dist\python-2.7.10\lib\site-packages\cefpython3/subprocess" --no-sandbox --lang=en-US --log-file="D:\django2exe-dist\django2exe-dist\py-dist\debug.log" --log-severity=info --resources-dir-path="D:\django2exe-dist\django2exe-dist\py-dist\python-2.7.10\lib\site-packages\cefpython3" --locales-dir-path="D:\django2exe-dist\django2exe-dist\py-dist\python-2.7.10\lib\site-packages\cefpython3/locales" --remote-debugging-port=51152 --disable-gpu-shader-disk-cache run.py

[1231/184356.873:INFO:cef_log.cpp(8)] [Browser process] Initialize() called

[1231/184356.874:INFO:cef_log.cpp(8)] [Browser process] DEPRECATED: 'release_dcheck_enabled' setting

[1231/184356.874:INFO:cef_log.cpp(8)] [Browser process] CefInitialize()

[1231/184356.876:INFO:cef_log.cpp(8)] [Browser process] App_OnBeforeCommandLineProcessing_BrowserProcess()

[1231/184356.876:INFO:cefpython_app.cpp(105)] [Browser process] Command line string for the browser process: python --browser-subprocess-path="D:\django2exe-dist\django2exe-dist\py-dist\python-2.7.10\lib\site-packages\cefpython3/subprocess" --no-sandbox --lang=en-US --log-file="D:\django2exe-dist\django2exe-dist\py-dist\debug.log" --log-severity=info --resources-dir-path="D:\django2exe-dist\django2exe-dist\py-dist\python-2.7.10\lib\site-packages\cefpython3" --locales-dir-path="D:\django2exe-dist\django2exe-dist\py-dist\python-2.7.10\lib\site-packages\cefpython3/locales" --remote-debugging-port=60825 --disable-gpu-shader-disk-cache run.py

[1231/184628.457:INFO:cef_log.cpp(8)] [Browser process] Initialize() called

[1231/184628.458:INFO:cef_log.cpp(8)] [Browser process] DEPRECATED: 'release_dcheck_enabled' setting

[1231/184628.458:INFO:cef_log.cpp(8)] [Browser process] CefInitialize()

[1231/184628.459:INFO:cef_log.cpp(8)] [Browser process] App_OnBeforeCommandLineProcessing_BrowserProcess()

[1231/184628.459:INFO:cefpython_app.cpp(105)] [Browser process] Command line string for the browser process: python --browser-subprocess-path="D:\django2exe-dist\django2exe-dist\py-dist\python-2.7.10\lib\site-packages\cefpython3/subprocess" --no-sandbox --lang=en-US --log-file="D:\django2exe-dist\django2exe-dist\py-dist\debug.log" --log-severity=info --resources-dir-path="D:\django2exe-dist\django2exe-dist\py-dist\python-2.7.10\lib\site-packages\cefpython3" --locales-dir-path="D:\django2exe-dist\django2exe-dist\py-dist\python-2.7.10\lib\site-packages\cefpython3/locales" --remote-debugging-port=57747 --disable-gpu-shader-disk-cache run.py

[1231/184700.574:INFO:cef_log.cpp(8)] [Browser process] Initialize() called

[1231/184700.575:INFO:cef_log.cpp(8)] [Browser process] DEPRECATED: 'release_dcheck_enabled' setting

[1231/184700.576:INFO:cef_log.cpp(8)] [Browser process] CefInitialize()

[1231/184700.576:INFO:cef_log.cpp(8)] [Browser process] App_OnBeforeCommandLineProcessing_BrowserProcess()

[1231/184700.577:INFO:cefpython_app.cpp(105)] [Browser process] Command line string for the browser process: python --browser-subprocess-path="D:\django2exe-dist\django2exe-dist\py-dist\python-2.7.10\lib\site-packages\cefpython3/subprocess" --no-sandbox --lang=en-US --log-file="D:\django2exe-dist\django2exe-dist\py-dist\debug.log" --log-severity=info --resources-dir-path="D:\django2exe-dist\django2exe-dist\py-dist\python-2.7.10\lib\site-packages\cefpython3" --locales-dir-path="D:\django2exe-dist\django2exe-dist\py-dist\python-2.7.10\lib\site-packages\cefpython3/locales" --remote-debugging-port=54390 --disable-gpu-shader-disk-cache run.py

[1231/184846.064:INFO:cef_log.cpp(8)] [Browser process] Initialize() called

[1231/184846.065:INFO:cef_log.cpp(8)] [Browser process] DEPRECATED: 'release_dcheck_enabled' setting

[1231/184846.065:INFO:cef_log.cpp(8)] [Browser process] CefInitialize()

[1231/184846.066:INFO:cef_log.cpp(8)] [Browser process] App_OnBeforeCommandLineProcessing_BrowserProcess()

[1231/184846.066:INFO:cefpython_app.cpp(105)] [Browser process] Command line string for the browser process: python --browser-subprocess-path="D:\django2exe-dist\django2exe-dist\py-dist\python-2.7.10\lib\site-packages\cefpython3/subprocess" --no-sandbox --lang=en-US --log-file="D:\django2exe-dist\django2exe-dist\py-dist\debug.log" --log-severity=info --resources-dir-path="D:\django2exe-dist\django2exe-dist\py-dist\python-2.7.10\lib\site-packages\cefpython3" --locales-dir-path="D:\django2exe-dist\django2exe-dist\py-dist\python-2.7.10\lib\site-packages\cefpython3/locales" --remote-debugging-port=62411 --disable-gpu-shader-disk-cache run.py

[1231/190106.561:INFO:cef_log.cpp(8)] [Browser process] Initialize() called

[1231/190106.562:INFO:cef_log.cpp(8)] [Browser process] DEPRECATED: 'release_dcheck_enabled' setting

[1231/190106.562:INFO:cef_log.cpp(8)] [Browser process] CefInitialize()

[1231/190106.563:INFO:cef_log.cpp(8)] [Browser process] App_OnBeforeCommandLineProcessing_BrowserProcess()

[1231/190106.563:INFO:cefpython_app.cpp(105)] [Browser process] Command line string for the browser process: python --browser-subprocess-path="D:\django2exe-dist\django2exe-dist\py-dist\python-2.7.10\lib\site-packages\cefpython3/subprocess" --no-sandbox --lang=en-US --log-file="D:\django2exe-dist\django2exe-dist\py-dist\debug.log" --log-severity=info --resources-dir-path="D:\django2exe-dist\django2exe-dist\py-dist\python-2.7.10\lib\site-packages\cefpython3" --locales-dir-path="D:\django2exe-dist\django2exe-dist\py-dist\python-2.7.10\lib\site-packages\cefpython3/locales" --remote-debugging-port=56347 --disable-gpu-shader-disk-cache run.py

[1231/190649.862:INFO:cef_log.cpp(8)] [Browser process] Initialize() called

[1231/190649.863:INFO:cef_log.cpp(8)] [Browser process] DEPRECATED: 'release_dcheck_enabled' setting

[1231/190649.863:INFO:cef_log.cpp(8)] [Browser process] CefInitialize()

[1231/190649.864:INFO:cef_log.cpp(8)] [Browser process] App_OnBeforeCommandLineProcessing_BrowserProcess()

[1231/190649.864:INFO:cefpython_app.cpp(105)] [Browser process] Command line string for the browser process: python --browser-subprocess-path="D:\django2exe-dist\django2exe-dist\py-dist\python-2.7.10\lib\site-packages\cefpython3/subprocess" --no-sandbox --lang=en-US --log-file="D:\django2exe-dist\django2exe-dist\py-dist\debug.log" --log-severity=info --resources-dir-path="D:\django2exe-dist\django2exe-dist\py-dist\python-2.7.10\lib\site-packages\cefpython3" --locales-dir-path="D:\django2exe-dist\django2exe-dist\py-dist\python-2.7.10\lib\site-packages\cefpython3/locales" --remote-debugging-port=58498 --disable-gpu-shader-disk-cache run.py

[1231/192528.902:INFO:cef_log.cpp(8)] [Browser process] Initialize() called

[1231/192528.903:INFO:cef_log.cpp(8)] [Browser process] DEPRECATED: 'release_dcheck_enabled' setting

[1231/192528.903:INFO:cef_log.cpp(8)] [Browser process] CefInitialize()

[1231/192528.904:INFO:cef_log.cpp(8)] [Browser process] App_OnBeforeCommandLineProcessing_BrowserProcess()

[1231/192528.904:INFO:cefpython_app.cpp(105)] [Browser process] Command line string for the browser process: python --browser-subprocess-path="D:\django2exe-dist\django2exe-dist\py-dist\python-2.7.10\lib\site-packages\cefpython3/subprocess" --no-sandbox --lang=en-US --log-file="D:\django2exe-dist\django2exe-dist\py-dist\debug.log" --log-severity=info --resources-dir-path="D:\django2exe-dist\django2exe-dist\py-dist\python-2.7.10\lib\site-packages\cefpython3" --locales-dir-path="D:\django2exe-dist\django2exe-dist\py-dist\python-2.7.10\lib\site-packages\cefpython3/locales" --remote-debugging-port=57964 --disable-gpu-shader-disk-cache run.py

[1231/192549.340:INFO:cef_log.cpp(8)] [Browser process] Initialize() called

[1231/192549.341:INFO:cef_log.cpp(8)] [Browser process] DEPRECATED: 'release_dcheck_enabled' setting

[1231/192549.342:INFO:cef_log.cpp(8)] [Browser process] CefInitialize()

[1231/192549.343:INFO:cef_log.cpp(8)] [Browser process] App_OnBeforeCommandLineProcessing_BrowserProcess()

[1231/192549.343:INFO:cefpython_app.cpp(105)] [Browser process] Command line string for the browser process: python --browser-subprocess-path="D:\django2exe-dist\django2exe-dist\py-dist\python-2.7.10\lib\site-packages\cefpython3/subprocess" --no-sandbox --lang=en-US --log-file="D:\django2exe-dist\django2exe-dist\py-dist\debug.log" --log-severity=info --resources-dir-path="D:\django2exe-dist\django2exe-dist\py-dist\python-2.7.10\lib\site-packages\cefpython3" --locales-dir-path="D:\django2exe-dist\django2exe-dist\py-dist\python-2.7.10\lib\site-packages\cefpython3/locales" --remote-debugging-port=49696 --disable-gpu-shader-disk-cache run.py

[1231/193511.523:INFO:cef_log.cpp(8)] [Browser process] Initialize() called

[1231/193511.524:INFO:cef_log.cpp(8)] [Browser process] DEPRECATED: 'release_dcheck_enabled' setting

[1231/193511.525:INFO:cef_log.cpp(8)] [Browser process] CefInitialize()

[1231/193511.526:INFO:cef_log.cpp(8)] [Browser process] App_OnBeforeCommandLineProcessing_BrowserProcess()

[1231/193511.527:INFO:cefpython_app.cpp(105)] [Browser process] Command line string for the browser process: python --browser-subprocess-path="D:\django2exe-dist\django2exe-dist\py-dist\python-2.7.10\lib\site-packages\cefpython3/subprocess" --no-sandbox --lang=en-US --log-file="D:\django2exe-dist\django2exe-dist\py-dist\debug.log" --log-severity=info --resources-dir-path="D:\django2exe-dist\django2exe-dist\py-dist\python-2.7.10\lib\site-packages\cefpython3" --locales-dir-path="D:\django2exe-dist\django2exe-dist\py-dist\python-2.7.10\lib\site-packages\cefpython3/locales" --remote-debugging-port=50167 --disable-gpu-shader-disk-cache run.py

[1231/193735.576:INFO:cef_log.cpp(8)] [Browser process] Initialize() called

[1231/193735.577:INFO:cef_log.cpp(8)] [Browser process] DEPRECATED: 'release_dcheck_enabled' setting

[1231/193735.577:INFO:cef_log.cpp(8)] [Browser process] CefInitialize()

[1231/193735.578:INFO:cef_log.cpp(8)] [Browser process] App_OnBeforeCommandLineProcessing_BrowserProcess()

[1231/193735.578:INFO:cefpython_app.cpp(105)] [Browser process] Command line string for the browser process: python --browser-subprocess-path="D:\django2exe-dist\django2exe-dist\py-dist\python-2.7.10\lib\site-packages\cefpython3/subprocess" --no-sandbox --lang=en-US --log-file="D:\django2exe-dist\django2exe-dist\py-dist\debug.log" --log-severity=info --resources-dir-path="D:\django2exe-dist\django2exe-dist\py-dist\python-2.7.10\lib\site-packages\cefpython3" --locales-dir-path="D:\django2exe-dist\django2exe-dist\py-dist\python-2.7.10\lib\site-packages\cefpython3/locales" --remote-debugging-port=59838 --disable-gpu-shader-disk-cache run.py

